{"synthetic": false,
 "schemaVersion": "2025-09-10",
 "outputs":
 {"o": ["932263c7ed7304df.olean"],
  "i": "a33214657e9d6413.ilean",
  "c": "465d043bc9f5ee82.c"},
 "log":
 [{"message":
   ".> LEAN_PATH=/Users/kashiwa/dr1nds/.lake/packages/Cli/.lake/build/lib/lean:/Users/kashiwa/dr1nds/.lake/packages/Qq/.lake/build/lib/lean:/Users/kashiwa/dr1nds/.lake/packages/proofwidgets/.lake/build/lib/lean:/Users/kashiwa/dr1nds/.lake/packages/importGraph/.lake/build/lib/lean:/Users/kashiwa/dr1nds/.lake/packages/LeanSearchClient/.lake/build/lib/lean:/Users/kashiwa/dr1nds/.lake/packages/plausible/.lake/build/lib/lean:/Users/kashiwa/dr1nds/.lake/packages/batteries/.lake/build/lib/lean:/Users/kashiwa/dr1nds/.lake/packages/aesop/.lake/build/lib/lean:/Users/kashiwa/dr1nds/.lake/packages/mathlib/.lake/build/lib/lean:/Users/kashiwa/dr1nds/.lake/packages/LeanCopilot/.lake/build/lib/lean:/Users/kashiwa/dr1nds/.lake/build/lib/lean /Users/kashiwa/.elan/toolchains/leanprover--lean4---v4.26.0/bin/lean /Users/kashiwa/dr1nds/Dr1nds/SetFamily/SetFamily.lean -o /Users/kashiwa/dr1nds/.lake/build/lib/lean/Dr1nds/SetFamily/SetFamily.olean -i /Users/kashiwa/dr1nds/.lake/build/lib/lean/Dr1nds/SetFamily/SetFamily.ilean -c /Users/kashiwa/dr1nds/.lake/build/ir/Dr1nds/SetFamily/SetFamily.c --setup /Users/kashiwa/dr1nds/.lake/build/ir/Dr1nds/SetFamily/SetFamily.setup.json --json",
   "level": "trace"}],
 "inputs":
 [["Dr1nds.SetFamily.SetFamily:deps",
   [["deps",
     [["dr1nds/Dr1nds:extraDep", [["@dr1nds:extraDep", "00000000000006bb"]]],
      ["imports",
       [["Mathlib.Data.Finset.Basic transitive imports (legacy)",
         "77a84be61c8ea562"],
        ["Mathlib.Data.Finset.Basic:importAllArts", "c4c3c73d1e5c9d34"],
        ["Mathlib.Data.Finset.Card transitive imports (legacy)",
         "2114d0a4bbc2b326"],
        ["Mathlib.Data.Finset.Card:importAllArts", "31a32c8cd5d267a2"],
        ["Mathlib.Algebra.BigOperators.Group.Finset.Basic transitive imports (legacy)",
         "8a42ed5d2194fa4e"],
        ["Mathlib.Algebra.BigOperators.Group.Finset.Basic:importAllArts",
         "e5b16b4c6896c256"]]]]],
    ["libs",
     [["import dynlibs", "00000000000006bb"],
      ["package external libraries", "00000000000006bb"],
      ["module dynlibs", "00000000000006bb"],
      ["module plugins", "00000000000006bb"]]]]],
  ["Lean 4.26.0, commit d8204c9fd894f91bbb2cdfec5912ec8196fd8562",
   "9c9419104e9584f8"],
  ["/Users/kashiwa/dr1nds/Dr1nds/SetFamily/SetFamily.lean", "b085d7462a67cac8"],
  ["options", "00000000000006bb"],
  ["Module.leanArgs: #[]", "00000000000006bb"]],
 "depHash": "f5485c43fa6fc3af"}